<?xml version="1.0" encoding="UTF-8"?>
<!-- Generated by org.testng.reporters.JUnitXMLReporter -->
<testsuite ignored="0" hostname="Farhan-Ahmed-G5" failures="0" tests="4" name="SwaggerPetstoreTest" time="39.797" errors="0" timestamp="2024-11-11T14:52:46 PKT">
  <testcase classname="api.test.UserTests" name="testPostUser" time="9.152"/>
  <testcase classname="api.test.UserTests" name="testGetUserByName" time="7.048"/>
  <testcase classname="api.test.UserTests" name="testUpdateUserByName" time="12.536"/>
  <testcase classname="api.test.UserTests" name="testDeleteUserByName" time="9.04"/>
</testsuite> <!-- SwaggerPetstoreTest -->
