<?xml version="1.0" encoding="UTF-8"?>
<!-- Generated by org.testng.reporters.JUnitXMLReporter -->
<testsuite ignored="0" hostname="Farhan-Ahmed-G5" failures="0" tests="8" name="Default test" time="25.989" errors="0" timestamp="2024-11-10T22:23:49 PKT">
  <testcase classname="api.test.DDTests" name="testPostuser" time="5.577"/>
  <testcase classname="api.test.DDTests" name="testPostuser" time="2.426"/>
  <testcase classname="api.test.DDTests" name="testPostuser" time="2.705"/>
  <testcase classname="api.test.DDTests" name="testPostuser" time="1.998"/>
  <testcase classname="api.test.DDTests" name="testDeleteUserByName" time="2.18"/>
  <testcase classname="api.test.DDTests" name="testDeleteUserByName" time="2.915"/>
  <testcase classname="api.test.DDTests" name="testDeleteUserByName" time="2.761"/>
  <testcase classname="api.test.DDTests" name="testDeleteUserByName" time="2.249"/>
</testsuite> <!-- Default test -->
