<?xml version="1.0" encoding="UTF-8"?>
<testng-results ignored="0" total="4" passed="4" failed="0" skipped="0">
  <reporter-output>
  </reporter-output>
  <suite started-at="2024-11-11T14:52:06 PKT" name="SwaggerPetstoreSuite" finished-at="2024-11-11T14:52:46 PKT" duration-ms="39797">
    <groups>
    </groups>
    <test started-at="2024-11-11T14:52:06 PKT" name="SwaggerPetstoreTest" finished-at="2024-11-11T14:52:46 PKT" duration-ms="39797">
      <class name="api.test.UserTests">
        <test-method is-config="true" signature="setup()[pri:0, instance:api.test.UserTests@63376bed]" started-at="2024-11-11T14:52:06 PKT" name="setup" finished-at="2024-11-11T14:52:08 PKT" duration-ms="1398" status="PASS">
          <reporter-output>
          </reporter-output>
        </test-method> <!-- setup -->
        <test-method signature="testPostUser()[pri:1, instance:api.test.UserTests@63376bed]" started-at="2024-11-11T14:52:08 PKT" name="testPostUser" finished-at="2024-11-11T14:52:17 PKT" duration-ms="9152" status="PASS">
          <reporter-output>
          </reporter-output>
        </test-method> <!-- testPostUser -->
        <test-method signature="testGetUserByName()[pri:2, instance:api.test.UserTests@63376bed]" started-at="2024-11-11T14:52:17 PKT" name="testGetUserByName" finished-at="2024-11-11T14:52:24 PKT" duration-ms="7048" status="PASS">
          <reporter-output>
          </reporter-output>
        </test-method> <!-- testGetUserByName -->
        <test-method signature="testUpdateUserByName()[pri:3, instance:api.test.UserTests@63376bed]" started-at="2024-11-11T14:52:24 PKT" name="testUpdateUserByName" finished-at="2024-11-11T14:52:36 PKT" duration-ms="12536" status="PASS">
          <reporter-output>
          </reporter-output>
        </test-method> <!-- testUpdateUserByName -->
        <test-method signature="testDeleteUserByName()[pri:4, instance:api.test.UserTests@63376bed]" started-at="2024-11-11T14:52:36 PKT" name="testDeleteUserByName" finished-at="2024-11-11T14:52:46 PKT" duration-ms="9040" status="PASS">
          <reporter-output>
          </reporter-output>
        </test-method> <!-- testDeleteUserByName -->
      </class> <!-- api.test.UserTests -->
    </test> <!-- SwaggerPetstoreTest -->
  </suite> <!-- SwaggerPetstoreSuite -->
</testng-results>
